"../../../Engine/Content/Animation/DefaultAnimBoneCompressionSettings.uasset" 0
"../../../Engine/Content/Animation/DefaultAnimBoneCompressionSettings.uexp" 1
"../../../Engine/Content/Animation/DefaultAnimCurveCompressionSettings.uasset" 2
"../../../Engine/Content/Animation/DefaultAnimCurveCompressionSettings.uexp" 3
"../../../Engine/Content/Functions/Engine_MaterialFunctions01/Opacity/CameraDepthFade.uasset" 4
"../../../Engine/Content/Functions/Engine_MaterialFunctions01/Opacity/CameraDepthFade.uexp" 5
"../../../Engine/Content/EngineMaterials/T_Default_Material_Grid_M.uasset" 6
"../../../Engine/Content/EngineMaterials/T_Default_Material_Grid_M.uexp" 7
"../../../Engine/Content/EngineMaterials/T_Default_Material_Grid_M.ubulk" 8
"../../../Engine/Content/EngineMaterials/T_Default_Material_Grid_N.uasset" 9
"../../../Engine/Content/EngineMaterials/T_Default_Material_Grid_N.uexp" 10
"../../../Engine/Content/EngineMaterials/T_Default_Material_Grid_N.ubulk" 11
"../../../Engine/Content/EngineMaterials/WorldGridMaterial.uasset" 12
"../../../Engine/Content/EngineMaterials/WorldGridMaterial.uexp" 13
"../../../Engine/Content/ArtTools/RenderToTexture/Meshes/S_1_Unit_Plane.uasset" 14
"../../../Engine/Content/ArtTools/RenderToTexture/Meshes/S_1_Unit_Plane.uexp" 15
"../../../Engine/Content/ArtTools/RenderToTexture/Meshes/S_1_Unit_Plane.ubulk" 16
"../../../Engine/Content/EngineMaterials/DefaultMaterial.uasset" 17
"../../../Engine/Content/EngineMaterials/DefaultMaterial.uexp" 18
"../../../Engine/Content/BasicShapes/Cone.uasset" 19
"../../../Engine/Content/BasicShapes/Cone.uexp" 20
"../../../Engine/Content/BasicShapes/Cone.ubulk" 21
"../../../Engine/Content/BasicShapes/Cube.uasset" 22
"../../../Engine/Content/BasicShapes/Cube.uexp" 23
"../../../Engine/Content/BasicShapes/Cube.ubulk" 24
"../../../Engine/Content/BasicShapes/Plane.uasset" 25
"../../../Engine/Content/BasicShapes/Plane.uexp" 26
"../../../Engine/Content/BasicShapes/Plane.ubulk" 27
"../../../Engine/Content/BasicShapes/Sphere.uasset" 28
"../../../Engine/Content/BasicShapes/Sphere.uexp" 29
"../../../Engine/Content/BasicShapes/Sphere.ubulk" 30
"../../../Engine/Content/EngineMaterials/DefaultPhysicalMaterial.uasset" 31
"../../../Engine/Content/EngineMaterials/DefaultPhysicalMaterial.uexp" 32
"../../../Engine/Content/BufferVisualization/AmbientOcclusion.uasset" 33
"../../../Engine/Content/BufferVisualization/AmbientOcclusion.uexp" 34
"../../../Engine/Content/Functions/Engine_MaterialFunctions02/Utility/AppendMany.uasset" 35
"../../../Engine/Content/Functions/Engine_MaterialFunctions02/Utility/AppendMany.uexp" 36
"../../../Engine/Content/BufferVisualization/Anisotropy.uasset" 37
"../../../Engine/Content/BufferVisualization/Anisotropy.uexp" 38
"../../../Engine/Content/BufferVisualization/BaseColor.uasset" 39
"../../../Engine/Content/BufferVisualization/BaseColor.uexp" 40
"../../../Engine/Content/BufferVisualization/CustomDepth.uasset" 41
"../../../Engine/Content/BufferVisualization/CustomDepth.uexp" 42
"../../../Engine/Content/Functions/Engine_MaterialFunctions02/Utility/VectorLength.uasset" 43
"../../../Engine/Content/Functions/Engine_MaterialFunctions02/Utility/VectorLength.uexp" 44
"../../../Engine/Content/BufferVisualization/CustomDepthWorldUnits.uasset" 45
"../../../Engine/Content/BufferVisualization/CustomDepthWorldUnits.uexp" 46
"../../../Engine/Content/Functions/Engine_MaterialFunctions02/Utility/BreakOutFloat2Components.uasset" 47
"../../../Engine/Content/Functions/Engine_MaterialFunctions02/Utility/BreakOutFloat2Components.uexp" 48
"../../../Engine/Content/Functions/Engine_MaterialFunctions02/ScreenResolution.uasset" 49
"../../../Engine/Content/Functions/Engine_MaterialFunctions02/ScreenResolution.uexp" 50
"../../../Engine/Content/Functions/Engine_MaterialFunctions01/Texturing/ScaleUVsByCenter.uasset" 51
"../../../Engine/Content/Functions/Engine_MaterialFunctions01/Texturing/ScaleUVsByCenter.uexp" 52
"../../../Engine/Content/Functions/Engine_MaterialFunctions02/Texturing/ScreenAlignedUVs.uasset" 53
"../../../Engine/Content/Functions/Engine_MaterialFunctions02/Texturing/ScreenAlignedUVs.uexp" 54
"../../../Engine/Content/Functions/Engine_MaterialFunctions02/Utility/MakeFloat2.uasset" 55
"../../../Engine/Content/Functions/Engine_MaterialFunctions02/Utility/MakeFloat2.uexp" 56
"../../../Engine/Content/Functions/Engine_MaterialFunctions02/Utility/MakeFloat3.uasset" 57
"../../../Engine/Content/Functions/Engine_MaterialFunctions02/Utility/MakeFloat3.uexp" 58
"../../../Engine/Content/EngineMaterials/MiniFont.uasset" 59
"../../../Engine/Content/EngineMaterials/MiniFont.uexp" 60
"../../../Engine/Content/BufferVisualization/CustomStencil.uasset" 61
"../../../Engine/Content/BufferVisualization/CustomStencil.uexp" 62
"../../../Engine/Content/BufferVisualization/FinalImage.uasset" 63
"../../../Engine/Content/BufferVisualization/FinalImage.uexp" 64
"../../../Engine/Content/BufferVisualization/LightingModel.uasset" 65
"../../../Engine/Content/BufferVisualization/LightingModel.uexp" 66
"../../../Engine/Content/BufferVisualization/MaterialAO.uasset" 67
"../../../Engine/Content/BufferVisualization/MaterialAO.uexp" 68
"../../../Engine/Content/BufferVisualization/Metallic.uasset" 69
"../../../Engine/Content/BufferVisualization/Metallic.uexp" 70
"../../../Engine/Content/BufferVisualization/Opacity.uasset" 71
"../../../Engine/Content/BufferVisualization/Opacity.uexp" 72
"../../../Engine/Content/BufferVisualization/PostTonemapHDRColor.uasset" 73
"../../../Engine/Content/BufferVisualization/PostTonemapHDRColor.uexp" 74
"../../../Engine/Content/BufferVisualization/PreTonemapHDRColor.uasset" 75
"../../../Engine/Content/BufferVisualization/PreTonemapHDRColor.uexp" 76
"../../../Engine/Content/BufferVisualization/Roughness.uasset" 77
"../../../Engine/Content/BufferVisualization/Roughness.uexp" 78
"../../../Engine/Content/BufferVisualization/SceneColor.uasset" 79
"../../../Engine/Content/BufferVisualization/SceneColor.uexp" 80
"../../../Engine/Content/BufferVisualization/SceneDepth.uasset" 81
"../../../Engine/Content/BufferVisualization/SceneDepth.uexp" 82
"../../../Engine/Content/BufferVisualization/SceneDepthWorldUnits.uasset" 83
"../../../Engine/Content/BufferVisualization/SceneDepthWorldUnits.uexp" 84
"../../../Engine/Content/BufferVisualization/SeparateTranslucencyA.uasset" 85
"../../../Engine/Content/BufferVisualization/SeparateTranslucencyA.uexp" 86
"../../../Engine/Content/BufferVisualization/SeparateTranslucencyRGB.uasset" 87
"../../../Engine/Content/BufferVisualization/SeparateTranslucencyRGB.uexp" 88
"../../../Engine/Content/BufferVisualization/Specular.uasset" 89
"../../../Engine/Content/BufferVisualization/Specular.uexp" 90
"../../../Engine/Content/BufferVisualization/SubsurfaceColor.uasset" 91
"../../../Engine/Content/BufferVisualization/SubsurfaceColor.uexp" 92
"../../../Engine/Content/BufferVisualization/Velocity.uasset" 93
"../../../Engine/Content/BufferVisualization/Velocity.uexp" 94
"../../../Engine/Content/BufferVisualization/WorldNormal.uasset" 95
"../../../Engine/Content/BufferVisualization/WorldNormal.uexp" 96
"../../../Engine/Content/BufferVisualization/WorldTangent.uasset" 97
"../../../Engine/Content/BufferVisualization/WorldTangent.uexp" 98
"../../../Engine/Content/EditorLandscapeResources/DataLayer.uasset" 99
"../../../Engine/Content/EditorLandscapeResources/DataLayer.uexp" 100
"../../../Engine/Content/EditorLandscapeResources/DefaultAlphaTexture.uasset" 101
"../../../Engine/Content/EditorLandscapeResources/DefaultAlphaTexture.uexp" 102
"../../../Engine/Content/EditorLandscapeResources/LandscapeGizmoHeight_Mat.uasset" 103
"../../../Engine/Content/EditorLandscapeResources/LandscapeGizmoHeight_Mat.uexp" 104
"../../../Engine/Content/EditorLandscapeResources/LandscapeGizmo_Mat.uasset" 105
"../../../Engine/Content/EditorLandscapeResources/LandscapeGizmo_Mat.uexp" 106
"../../../Engine/Content/EditorLandscapeResources/LandscapeGizmo_Mat_Copied.uasset" 107
"../../../Engine/Content/EditorLandscapeResources/LandscapeGizmo_Mat_Copied.uexp" 108
"../../../Engine/Content/EditorLandscapeResources/SplineEditorMeshMat.uasset" 109
"../../../Engine/Content/EditorLandscapeResources/SplineEditorMeshMat.uexp" 110
"../../../Engine/Content/EditorLandscapeResources/SplineEditorMesh.uasset" 111
"../../../Engine/Content/EditorLandscapeResources/SplineEditorMesh.uexp" 112
"../../../Engine/Content/EditorLandscapeResources/SplineEditorMesh.ubulk" 113
"../../../Engine/Content/EditorMaterials/Cross.uasset" 114
"../../../Engine/Content/EditorMaterials/Cross.uexp" 115
"../../../Engine/Content/EditorMaterials/Cross_Mat.uasset" 116
"../../../Engine/Content/EditorMaterials/Cross_Mat.uexp" 117
"../../../Engine/Content/Functions/Engine_MaterialFunctions02/ExampleContent/Textures/flipbook.uasset" 118
"../../../Engine/Content/Functions/Engine_MaterialFunctions02/ExampleContent/Textures/flipbook.uexp" 119
"../../../Engine/Content/Functions/Engine_MaterialFunctions02/ExampleContent/Textures/flipbook.ubulk" 120
"../../../Engine/Content/EngineMaterials/DefaultDiffuse.uasset" 121
"../../../Engine/Content/EngineMaterials/DefaultDiffuse.uexp" 122
"../../../Engine/Content/EngineMaterials/DefaultDiffuse.ubulk" 123
"../../../Engine/Content/Functions/Engine_MaterialFunctions01/Texturing/TextureCropping.uasset" 124
"../../../Engine/Content/Functions/Engine_MaterialFunctions01/Texturing/TextureCropping.uexp" 125
"../../../Engine/Content/Functions/Engine_MaterialFunctions02/ExampleContent/DebugNumberStrip.uasset" 126
"../../../Engine/Content/Functions/Engine_MaterialFunctions02/ExampleContent/DebugNumberStrip.uexp" 127
"../../../Engine/Content/Functions/Engine_MaterialFunctions02/ExampleContent/Textures/DebugNumberPeriod.uasset" 128
"../../../Engine/Content/Functions/Engine_MaterialFunctions02/ExampleContent/Textures/DebugNumberPeriod.uexp" 129
"../../../Engine/Content/Functions/Engine_MaterialFunctions01/Texturing/ComputeMipLevel.uasset" 130
"../../../Engine/Content/Functions/Engine_MaterialFunctions01/Texturing/ComputeMipLevel.uexp" 131
"../../../Engine/Content/Functions/Engine_MaterialFunctions02/Utility/DebugScalarValues.uasset" 132
"../../../Engine/Content/Functions/Engine_MaterialFunctions02/Utility/DebugScalarValues.uexp" 133
"../../../Engine/Content/Functions/Engine_MaterialFunctions02/Utility/DebugFloat2Values.uasset" 134
"../../../Engine/Content/Functions/Engine_MaterialFunctions02/Utility/DebugFloat2Values.uexp" 135
"../../../Engine/Content/Functions/Engine_MaterialFunctions02/Texturing/FlipBook.uasset" 136
"../../../Engine/Content/Functions/Engine_MaterialFunctions02/Texturing/FlipBook.uexp" 137
"../../../Engine/Content/EditorResources/T_EditorHelp.uasset" 138
"../../../Engine/Content/EditorResources/T_EditorHelp.uexp" 139
"../../../Engine/Content/EditorResources/T_EditorHelp.ubulk" 140
"../../../Engine/Content/Functions/Engine_MaterialFunctions02/Utility/Sign.uasset" 141
"../../../Engine/Content/Functions/Engine_MaterialFunctions02/Utility/Sign.uexp" 142
"../../../Engine/Content/Functions/Engine_MaterialFunctions02/Utility/Round.uasset" 143
"../../../Engine/Content/Functions/Engine_MaterialFunctions02/Utility/Round.uexp" 144
"../../../Engine/Content/EditorMaterials/HelpActorMaterial.uasset" 145
"../../../Engine/Content/EditorMaterials/HelpActorMaterial.uexp" 146
"../../../Engine/Content/EditorMaterials/TilingAALineIntegral.uasset" 147
"../../../Engine/Content/EditorMaterials/TilingAALineIntegral.uexp" 148
"../../../Engine/Content/EditorMaterials/TilingAALineBoxFiltered.uasset" 149
"../../../Engine/Content/EditorMaterials/TilingAALineBoxFiltered.uexp" 150
"../../../Engine/Content/Functions/Engine_MaterialFunctions03/Procedurals/ComputeFilterWidth.uasset" 151
"../../../Engine/Content/Functions/Engine_MaterialFunctions03/Procedurals/ComputeFilterWidth.uexp" 152
"../../../Engine/Content/EditorMaterials/TilingAADots.uasset" 153
"../../../Engine/Content/EditorMaterials/TilingAADots.uexp" 154
"../../../Engine/Content/EngineMaterials/BlendFunc_DefBase.uasset" 155
"../../../Engine/Content/EngineMaterials/BlendFunc_DefBase.uexp" 156
"../../../Engine/Content/EngineMaterials/BlendFunc_DefBlend.uasset" 157
"../../../Engine/Content/EngineMaterials/BlendFunc_DefBlend.uexp" 158
"../../../Engine/Content/Functions/Engine_MaterialFunctions03/Blends/Blend_Screen.uasset" 159
"../../../Engine/Content/Functions/Engine_MaterialFunctions03/Blends/Blend_Screen.uexp" 160
"../../../Engine/Content/EditorMaterials/TilingAAGrid.uasset" 161
"../../../Engine/Content/EditorMaterials/TilingAAGrid.uexp" 162
"../../../Engine/Content/EditorMaterials/CompositeARGBLayer.uasset" 163
"../../../Engine/Content/EditorMaterials/CompositeARGBLayer.uexp" 164
"../../../Engine/Content/EditorMaterials/LevelGridMaterial.uasset" 165
"../../../Engine/Content/EditorMaterials/LevelGridMaterial.uexp" 166
"../../../Engine/Content/EditorMaterials/MakeCompositeARGBLayer.uasset" 167
"../../../Engine/Content/EditorMaterials/MakeCompositeARGBLayer.uexp" 168
"../../../Engine/Content/EditorResources/LevelGrid1DStripes.uasset" 169
"../../../Engine/Content/EditorResources/LevelGrid1DStripes.uexp" 170
"../../../Engine/Content/EditorMaterials/TextureGridCascaded1D.uasset" 171
"../../../Engine/Content/EditorMaterials/TextureGridCascaded1D.uexp" 172
"../../../Engine/Content/EditorMaterials/TextureGridCascaded2D.uasset" 173
"../../../Engine/Content/EditorMaterials/TextureGridCascaded2D.uexp" 174
"../../../Engine/Content/EditorMaterials/LevelGridMaterial2.uasset" 175
"../../../Engine/Content/EditorMaterials/LevelGridMaterial2.uexp" 176
"../../../Engine/Content/EditorMaterials/MAT_Groups_Toggle.uasset" 177
"../../../Engine/Content/EditorMaterials/MAT_Groups_Toggle.uexp" 178
"../../../Engine/Content/EditorMaterials/MAT_Groups_Visibility.uasset" 179
"../../../Engine/Content/EditorMaterials/MAT_Groups_Visibility.uexp" 180
"../../../Engine/Content/EditorMaterials/PhAT_BoneSelectedMaterial.uasset" 181
"../../../Engine/Content/EditorMaterials/PhAT_BoneSelectedMaterial.uexp" 182
"../../../Engine/Content/EditorMaterials/PhAT_ElemSelectedMaterial.uasset" 183
"../../../Engine/Content/EditorMaterials/PhAT_ElemSelectedMaterial.uexp" 184
"../../../Engine/Content/EditorMaterials/PhAT_NoCollisionMaterial.uasset" 185
"../../../Engine/Content/EditorMaterials/PhAT_NoCollisionMaterial.uexp" 186
"../../../Engine/Content/EditorMaterials/PhAT_UnselectedMaterial.uasset" 187
"../../../Engine/Content/EditorMaterials/PhAT_UnselectedMaterial.uexp" 188
"../../../Engine/Content/EditorMaterials/PreviewShadowIndicator.uasset" 189
"../../../Engine/Content/EditorMaterials/PreviewShadowIndicator.uexp" 190
"../../../Engine/Content/EditorMaterials/PreviewShadowIndicator.ubulk" 191
"../../../Engine/Content/EditorMaterials/PreviewShadowIndicatorMaterial.uasset" 192
"../../../Engine/Content/EditorMaterials/PreviewShadowIndicatorMaterial.uexp" 193
"../../../Engine/Content/EditorMaterials/TargetIcon.uasset" 194
"../../../Engine/Content/EditorMaterials/TargetIcon.uexp" 195
"../../../Engine/Content/EditorMaterials/TargetIcon.ubulk" 196
"../../../Engine/Content/EditorMaterials/Tick.uasset" 197
"../../../Engine/Content/EditorMaterials/Tick.uexp" 198
"../../../Engine/Content/EditorMaterials/Tick_Mat.uasset" 199
"../../../Engine/Content/EditorMaterials/Tick_Mat.uexp" 200
"../../../Engine/Content/EditorMaterials/WidgetGridVertexColorMaterial.uasset" 201
"../../../Engine/Content/EditorMaterials/WidgetGridVertexColorMaterial.uexp" 202
"../../../Engine/Content/EditorMaterials/WidgetGridVertexColorMaterial.ubulk" 203
"../../../Engine/Content/EditorMaterials/WidgetGridVertexColorMaterial_Ma.uasset" 204
"../../../Engine/Content/EditorMaterials/WidgetGridVertexColorMaterial_Ma.uexp" 205
"../../../Engine/Content/EditorMaterials/WidgetMaterial.uasset" 206
"../../../Engine/Content/EditorMaterials/WidgetMaterial.uexp" 207
"../../../Engine/Content/EditorMaterials/WidgetMaterial_Current.uasset" 208
"../../../Engine/Content/EditorMaterials/WidgetMaterial_Current.uexp" 209
"../../../Engine/Content/EditorMaterials/WidgetMaterial_X.uasset" 210
"../../../Engine/Content/EditorMaterials/WidgetMaterial_X.uexp" 211
"../../../Engine/Content/EditorMaterials/WidgetMaterial_Y.uasset" 212
"../../../Engine/Content/EditorMaterials/WidgetMaterial_Y.uexp" 213
"../../../Engine/Content/EditorMaterials/WidgetMaterial_Z.uasset" 214
"../../../Engine/Content/EditorMaterials/WidgetMaterial_Z.uexp" 215
"../../../Engine/Content/EditorMaterials/WidgetVertexColorMaterial.uasset" 216
"../../../Engine/Content/EditorMaterials/WidgetVertexColorMaterial.uexp" 217
"../../../Engine/Content/EditorMaterials/MatineeGroups/MAT_ColorTrack.uasset" 218
"../../../Engine/Content/EditorMaterials/MatineeGroups/MAT_ColorTrack.uexp" 219
"../../../Engine/Content/EditorMaterials/MatineeGroups/MAT_Groups_Anim.uasset" 220
"../../../Engine/Content/EditorMaterials/MatineeGroups/MAT_Groups_Anim.uexp" 221
"../../../Engine/Content/EditorMaterials/MatineeGroups/MAT_Groups_AudioMaster.uasset" 222
"../../../Engine/Content/EditorMaterials/MatineeGroups/MAT_Groups_AudioMaster.uexp" 223
"../../../Engine/Content/EditorMaterials/MatineeGroups/MAT_Groups_Director.uasset" 224
"../../../Engine/Content/EditorMaterials/MatineeGroups/MAT_Groups_Director.uexp" 225
"../../../Engine/Content/EditorMaterials/MatineeGroups/MAT_Groups_Event.uasset" 226
"../../../Engine/Content/EditorMaterials/MatineeGroups/MAT_Groups_Event.uexp" 227
"../../../Engine/Content/EditorMaterials/MatineeGroups/MAT_Groups_Fade.uasset" 228
"../../../Engine/Content/EditorMaterials/MatineeGroups/MAT_Groups_Fade.uexp" 229
"../../../Engine/Content/EditorMaterials/MatineeGroups/MAT_Groups_Float.uasset" 230
"../../../Engine/Content/EditorMaterials/MatineeGroups/MAT_Groups_Float.uexp" 231
"../../../Engine/Content/EditorMaterials/MatineeGroups/MAT_Groups_Move.uasset" 232
"../../../Engine/Content/EditorMaterials/MatineeGroups/MAT_Groups_Move.uexp" 233
"../../../Engine/Content/EditorMaterials/MatineeGroups/MAT_Groups_Slomo.uasset" 234
"../../../Engine/Content/EditorMaterials/MatineeGroups/MAT_Groups_Slomo.uexp" 235
"../../../Engine/Content/EditorMaterials/MatineeGroups/MAT_Groups_Sound.uasset" 236
"../../../Engine/Content/EditorMaterials/MatineeGroups/MAT_Groups_Sound.uexp" 237
"../../../Engine/Content/EditorMaterials/MatineeGroups/MAT_Groups_Vector.uasset" 238
"../../../Engine/Content/EditorMaterials/MatineeGroups/MAT_Groups_Vector.uexp" 239
"../../../Engine/Content/EditorMaterials/ParticleSystems/PSysThumbnail_NoImage.uasset" 240
"../../../Engine/Content/EditorMaterials/ParticleSystems/PSysThumbnail_NoImage.uexp" 241
"../../../Engine/Content/EditorMaterials/ParticleSystems/PSysThumbnail_NoImage.ubulk" 242
"../../../Engine/Content/EditorMaterials/ParticleSystems/PSysThumbnail_OOD.uasset" 243
"../../../Engine/Content/EditorMaterials/ParticleSystems/PSysThumbnail_OOD.uexp" 244
"../../../Engine/Content/EditorMaterials/ParticleSystems/PSysThumbnail_OOD.ubulk" 245
"../../../Engine/Content/ArtTools/RenderToTexture/MaterialFunctions/CheckerPattern.uasset" 246
"../../../Engine/Content/ArtTools/RenderToTexture/MaterialFunctions/CheckerPattern.uexp" 247
"../../../Engine/Content/EditorMaterials/Thumbnails/FloorPlaneMaterial.uasset" 248
"../../../Engine/Content/EditorMaterials/Thumbnails/FloorPlaneMaterial.uexp" 249
"../../../Engine/Content/Functions/Engine_MaterialFunctions02/Utility/BreakOutFloat3Components.uasset" 250
"../../../Engine/Content/Functions/Engine_MaterialFunctions02/Utility/BreakOutFloat3Components.uexp" 251
"../../../Engine/Content/Functions/Engine_MaterialFunctions02/Utility/MakeFloat4.uasset" 252
"../../../Engine/Content/Functions/Engine_MaterialFunctions02/Utility/MakeFloat4.uexp" 253
"../../../Engine/Content/EditorMaterials/WorldPartition/WorldPartitionSpatialHashGridPreviewMaterial.uasset" 254
"../../../Engine/Content/EditorMaterials/WorldPartition/WorldPartitionSpatialHashGridPreviewMaterial.uexp" 255
"../../../Engine/Content/EditorMeshes/EditorCube.uasset" 256
"../../../Engine/Content/EditorMeshes/EditorCube.uexp" 257
"../../../Engine/Content/EditorMeshes/EditorCube.ubulk" 258
"../../../Engine/Content/EditorMeshes/EditorCylinder.uasset" 259
"../../../Engine/Content/EditorMeshes/EditorCylinder.uexp" 260
"../../../Engine/Content/EditorMeshes/EditorCylinder.ubulk" 261
"../../../Engine/Content/EditorMeshes/EditorPlane.uasset" 262
"../../../Engine/Content/EditorMeshes/EditorPlane.uexp" 263
"../../../Engine/Content/EditorMeshes/EditorPlane.ubulk" 264
"../../../Engine/Content/EditorMaterials/Thumbnails/SkySphereMaterial.uasset" 265
"../../../Engine/Content/EditorMaterials/Thumbnails/SkySphereMaterial.uexp" 266
"../../../Engine/Content/EditorMeshes/EditorSkySphere.uasset" 267
"../../../Engine/Content/EditorMeshes/EditorSkySphere.uexp" 268
"../../../Engine/Content/EditorMeshes/EditorSkySphere.ubulk" 269
"../../../Engine/Content/EditorMeshes/EditorSphere.uasset" 270
"../../../Engine/Content/EditorMeshes/EditorSphere.uexp" 271
"../../../Engine/Content/EditorMeshes/EditorSphere.ubulk" 272
"../../../Engine/Content/EditorResources/MatineeCam_D.uasset" 273
"../../../Engine/Content/EditorResources/MatineeCam_D.uexp" 274
"../../../Engine/Content/EditorMaterials/MatineeCam_mat.uasset" 275
"../../../Engine/Content/EditorMaterials/MatineeCam_mat.uexp" 276
"../../../Engine/Content/EditorMeshes/MatineeCam_SM.uasset" 277
"../../../Engine/Content/EditorMeshes/MatineeCam_SM.uexp" 278
"../../../Engine/Content/EditorMeshes/MatineeCam_SM.ubulk" 279
"../../../Engine/Content/EditorMeshes/PlanarReflectionPlane.uasset" 280
"../../../Engine/Content/EditorMeshes/PlanarReflectionPlane.uexp" 281
"../../../Engine/Content/EditorMeshes/PlanarReflectionPlane.ubulk" 282
"../../../Engine/Content/EditorMaterials/Camera/CineMat.uasset" 283
"../../../Engine/Content/EditorMaterials/Camera/CineMat.uexp" 284
"../../../Engine/Content/EditorMaterials/Camera/MI_CineMat_CameraBody.uasset" 285
"../../../Engine/Content/EditorMaterials/Camera/MI_CineMat_CameraBody.uexp" 286
"../../../Engine/Content/EngineDebugMaterials/M_SimpleOpaque.uasset" 287
"../../../Engine/Content/EngineDebugMaterials/M_SimpleOpaque.uexp" 288
"../../../Engine/Content/EditorMaterials/Camera/MI_CineMat_CamViewFinder.uasset" 289
"../../../Engine/Content/EditorMaterials/Camera/MI_CineMat_CamViewFinder.uexp" 290
"../../../Engine/Content/EditorMeshes/Camera/SM_CineCam.uasset" 291
"../../../Engine/Content/EditorMeshes/Camera/SM_CineCam.uexp" 292
"../../../Engine/Content/EditorMeshes/Camera/SM_CineCam.ubulk" 293
"../../../Engine/Content/EditorMaterials/Camera/MI_CineMat_Rig.uasset" 294
"../../../Engine/Content/EditorMaterials/Camera/MI_CineMat_Rig.uexp" 295
"../../../Engine/Content/EditorMeshes/Camera/SM_CraneRig_Arm.uasset" 296
"../../../Engine/Content/EditorMeshes/Camera/SM_CraneRig_Arm.uexp" 297
"../../../Engine/Content/EditorMeshes/Camera/SM_CraneRig_Arm.ubulk" 298
"../../../Engine/Content/EditorMeshes/Camera/SM_CraneRig_Base.uasset" 299
"../../../Engine/Content/EditorMeshes/Camera/SM_CraneRig_Base.uexp" 300
"../../../Engine/Content/EditorMeshes/Camera/SM_CraneRig_Base.ubulk" 301
"../../../Engine/Content/EditorMeshes/Camera/SM_CraneRig_Body.uasset" 302
"../../../Engine/Content/EditorMeshes/Camera/SM_CraneRig_Body.uexp" 303
"../../../Engine/Content/EditorMeshes/Camera/SM_CraneRig_Body.ubulk" 304
"../../../Engine/Content/EditorMeshes/Camera/SM_CraneRig_Mount.uasset" 305
"../../../Engine/Content/EditorMeshes/Camera/SM_CraneRig_Mount.uexp" 306
"../../../Engine/Content/EditorMeshes/Camera/SM_CraneRig_Mount.ubulk" 307
"../../../Engine/Content/EditorMeshes/Camera/SM_RailRig_Mount.uasset" 308
"../../../Engine/Content/EditorMeshes/Camera/SM_RailRig_Mount.uexp" 309
"../../../Engine/Content/EditorMeshes/Camera/SM_RailRig_Mount.ubulk" 310
"../../../Engine/Content/EditorMeshes/Camera/SM_RailRig_Track.uasset" 311
"../../../Engine/Content/EditorMeshes/Camera/SM_RailRig_Track.uexp" 312
"../../../Engine/Content/EditorMeshes/Camera/SM_RailRig_Track.ubulk" 313
"../../../Engine/Content/EditorMeshes/ColorCalibrator/M_ChromeBall.uasset" 314
"../../../Engine/Content/EditorMeshes/ColorCalibrator/M_ChromeBall.uexp" 315
"../../../Engine/Content/EditorResources/Bad.uasset" 316
"../../../Engine/Content/EditorResources/Bad.uexp" 317
"../../../Engine/Content/EditorResources/Bad.ubulk" 318
"../../../Engine/Content/EditorResources/BSPVertex.uasset" 319
"../../../Engine/Content/EditorResources/BSPVertex.uexp" 320
"../../../Engine/Content/EditorResources/EmptyActor.uasset" 321
"../../../Engine/Content/EditorResources/EmptyActor.uexp" 322
"../../../Engine/Content/EditorResources/MatInstActSprite.uasset" 323
"../../../Engine/Content/EditorResources/MatInstActSprite.uexp" 324
"../../../Engine/Content/EditorResources/SceneManager.uasset" 325
"../../../Engine/Content/EditorResources/SceneManager.uexp" 326
"../../../Engine/Content/EditorResources/SceneManager.ubulk" 327
"../../../Engine/Content/EditorResources/SmallFont.uasset" 328
"../../../Engine/Content/EditorResources/SmallFont.uexp" 329
"../../../Engine/Content/EditorResources/S_Actor.uasset" 330
"../../../Engine/Content/EditorResources/S_Actor.uexp" 331
"../../../Engine/Content/EditorResources/S_Actor.ubulk" 332
"../../../Engine/Content/EditorResources/S_AtmosphericHeightFog.uasset" 333
"../../../Engine/Content/EditorResources/S_AtmosphericHeightFog.uexp" 334
"../../../Engine/Content/EditorResources/S_BoxReflectionCapture.uasset" 335
"../../../Engine/Content/EditorResources/S_BoxReflectionCapture.uexp" 336
"../../../Engine/Content/EditorResources/S_CameraShakeSource.uasset" 337
"../../../Engine/Content/EditorResources/S_CameraShakeSource.uexp" 338
"../../../Engine/Content/EditorResources/S_DecalActorIcon.uasset" 339
"../../../Engine/Content/EditorResources/S_DecalActorIcon.uexp" 340
"../../../Engine/Content/EditorResources/S_Emitter.uasset" 341
"../../../Engine/Content/EditorResources/S_Emitter.uexp" 342
"../../../Engine/Content/EditorResources/S_ExpoHeightFog.uasset" 343
"../../../Engine/Content/EditorResources/S_ExpoHeightFog.uexp" 344
"../../../Engine/Content/EditorResources/S_FTest.uasset" 345
"../../../Engine/Content/EditorResources/S_FTest.uexp" 346
"../../../Engine/Content/EditorResources/S_KBSJoint.uasset" 347
"../../../Engine/Content/EditorResources/S_KBSJoint.uexp" 348
"../../../Engine/Content/EditorResources/S_KBSJoint.ubulk" 349
"../../../Engine/Content/EditorResources/S_KHinge.uasset" 350
"../../../Engine/Content/EditorResources/S_KHinge.uexp" 351
"../../../Engine/Content/EditorResources/S_KHinge.ubulk" 352
"../../../Engine/Content/EditorResources/S_KPrismatic.uasset" 353
"../../../Engine/Content/EditorResources/S_KPrismatic.uexp" 354
"../../../Engine/Content/EditorResources/S_KPrismatic.ubulk" 355
"../../../Engine/Content/EditorResources/S_LevelSequence.uasset" 356
"../../../Engine/Content/EditorResources/S_LevelSequence.uexp" 357
"../../../Engine/Content/EditorResources/S_LevelSequence.ubulk" 358
"../../../Engine/Content/EditorResources/S_NavP.uasset" 359
"../../../Engine/Content/EditorResources/S_NavP.uexp" 360
"../../../Engine/Content/EditorResources/S_NavP.ubulk" 361
"../../../Engine/Content/EditorResources/S_Note.uasset" 362
"../../../Engine/Content/EditorResources/S_Note.uexp" 363
"../../../Engine/Content/EditorResources/S_Player.uasset" 364
"../../../Engine/Content/EditorResources/S_Player.uexp" 365
"../../../Engine/Content/EditorResources/S_PortalActorIcon2.uasset" 366
"../../../Engine/Content/EditorResources/S_PortalActorIcon2.uexp" 367
"../../../Engine/Content/EditorResources/S_PortalActorIcon2.ubulk" 368
"../../../Engine/Content/EditorResources/S_RadForce.uasset" 369
"../../../Engine/Content/EditorResources/S_RadForce.uexp" 370
"../../../Engine/Content/EditorResources/S_ReflActorIcon.uasset" 371
"../../../Engine/Content/EditorResources/S_ReflActorIcon.uexp" 372
"../../../Engine/Content/EditorResources/S_SkyAtmosphere.uasset" 373
"../../../Engine/Content/EditorResources/S_SkyAtmosphere.uexp" 374
"../../../Engine/Content/EditorResources/S_Solver.uasset" 375
"../../../Engine/Content/EditorResources/S_Solver.uexp" 376
"../../../Engine/Content/EditorResources/S_Solver.ubulk" 377
"../../../Engine/Content/EditorResources/S_TargetPoint.uasset" 378
"../../../Engine/Content/EditorResources/S_TargetPoint.uexp" 379
"../../../Engine/Content/EditorResources/S_Terrain.uasset" 380
"../../../Engine/Content/EditorResources/S_Terrain.uexp" 381
"../../../Engine/Content/EditorResources/S_Terrain.ubulk" 382
"../../../Engine/Content/EditorResources/S_TextRenderActorIcon.uasset" 383
"../../../Engine/Content/EditorResources/S_TextRenderActorIcon.uexp" 384
"../../../Engine/Content/EditorResources/S_Thruster.uasset" 385
"../../../Engine/Content/EditorResources/S_Thruster.uexp" 386
"../../../Engine/Content/EditorResources/S_Trigger.uasset" 387
"../../../Engine/Content/EditorResources/S_Trigger.uexp" 388
"../../../Engine/Content/EditorResources/S_Trigger.ubulk" 389
"../../../Engine/Content/EditorResources/S_TriggerBox.uasset" 390
"../../../Engine/Content/EditorResources/S_TriggerBox.uexp" 391
"../../../Engine/Content/EditorResources/S_TriggerCapsule.uasset" 392
"../../../Engine/Content/EditorResources/S_TriggerCapsule.uexp" 393
"../../../Engine/Content/EditorResources/S_TriggerSphere.uasset" 394
"../../../Engine/Content/EditorResources/S_TriggerSphere.uexp" 395
"../../../Engine/Content/EditorResources/S_VectorFieldVol.uasset" 396
"../../../Engine/Content/EditorResources/S_VectorFieldVol.uexp" 397
"../../../Engine/Content/EditorResources/S_VolumetricCloud.uasset" 398
"../../../Engine/Content/EditorResources/S_VolumetricCloud.uexp" 399
"../../../Engine/Content/EditorResources/S_VolumetricCloud.ubulk" 400
"../../../Engine/Content/EditorResources/S_WindDirectional.uasset" 401
"../../../Engine/Content/EditorResources/S_WindDirectional.uexp" 402
"../../../Engine/Content/EditorResources/AI/S_NavLink.uasset" 403
"../../../Engine/Content/EditorResources/AI/S_NavLink.uexp" 404
"../../../Engine/Content/EditorResources/LightIcons/SkyLight.uasset" 405
"../../../Engine/Content/EditorResources/LightIcons/SkyLight.uexp" 406
"../../../Engine/Content/EditorResources/LightIcons/S_LightDirectional.uasset" 407
"../../../Engine/Content/EditorResources/LightIcons/S_LightDirectional.uexp" 408
"../../../Engine/Content/EditorResources/LightIcons/S_LightDirectionalMove.uasset" 409
"../../../Engine/Content/EditorResources/LightIcons/S_LightDirectionalMove.uexp" 410
"../../../Engine/Content/EditorResources/LightIcons/S_LightError.uasset" 411
"../../../Engine/Content/EditorResources/LightIcons/S_LightError.uexp" 412
"../../../Engine/Content/EditorResources/LightIcons/S_LightPoint.uasset" 413
"../../../Engine/Content/EditorResources/LightIcons/S_LightPoint.uexp" 414
"../../../Engine/Content/EditorResources/LightIcons/S_LightPointMove.uasset" 415
"../../../Engine/Content/EditorResources/LightIcons/S_LightPointMove.uexp" 416
"../../../Engine/Content/EditorResources/LightIcons/S_LightRect.uasset" 417
"../../../Engine/Content/EditorResources/LightIcons/S_LightRect.uexp" 418
"../../../Engine/Content/EditorResources/LightIcons/S_LightSpot.uasset" 419
"../../../Engine/Content/EditorResources/LightIcons/S_LightSpot.uexp" 420
"../../../Engine/Content/EditorResources/LightIcons/S_LightSpotMove.uasset" 421
"../../../Engine/Content/EditorResources/LightIcons/S_LightSpotMove.uexp" 422
"../../../Engine/Content/EditorResources/SequenceRecorder/Countdown.uasset" 423
"../../../Engine/Content/EditorResources/SequenceRecorder/Countdown.uexp" 424
"../../../Engine/Content/EditorResources/SequenceRecorder/RecordingIndicator.uasset" 425
"../../../Engine/Content/EditorResources/SequenceRecorder/RecordingIndicator.uexp" 426
"../../../Engine/Content/EditorSounds/Notifications/CompileSuccess.uasset" 427
"../../../Engine/Content/EditorSounds/Notifications/CompileSuccess.uexp" 428
"../../../Engine/Content/EditorSounds/Notifications/CompileSuccess.ubulk" 429
"../../../Engine/Content/EditorSounds/Notifications/CompileStart_Cue.uasset" 430
"../../../Engine/Content/EditorSounds/Notifications/CompileStart_Cue.uexp" 431
"../../../Engine/Content/EditorSounds/Notifications/CompileSuccess_Cue.uasset" 432
"../../../Engine/Content/EditorSounds/Notifications/CompileSuccess_Cue.uexp" 433
"../../../Engine/Content/EngineDamageTypes/DmgTypeBP_Environmental.uasset" 434
"../../../Engine/Content/EngineDamageTypes/DmgTypeBP_Environmental.uexp" 435
"../../../Engine/Content/EngineDebugMaterials/HeatmapGradient.uasset" 436
"../../../Engine/Content/EngineDebugMaterials/HeatmapGradient.uexp" 437
"../../../Engine/Content/EngineDebugMaterials/HeatmapGradient.ubulk" 438
"../../../Engine/Content/EngineDebugMaterials/BoneWeightMaterial.uasset" 439
"../../../Engine/Content/EngineDebugMaterials/BoneWeightMaterial.uexp" 440
"../../../Engine/Content/EngineDebugMaterials/ClothMaterial.uasset" 441
"../../../Engine/Content/EngineDebugMaterials/ClothMaterial.uexp" 442
"../../../Engine/Content/EngineDebugMaterials/ClothMaterial_WF.uasset" 443
"../../../Engine/Content/EngineDebugMaterials/ClothMaterial_WF.uexp" 444
"../../../Engine/Content/EngineDebugMaterials/DebugEditorMaterial.uasset" 445
"../../../Engine/Content/EngineDebugMaterials/DebugEditorMaterial.uexp" 446
"../../../Engine/Content/EngineDebugMaterials/DebugMeshMaterial.uasset" 447
"../../../Engine/Content/EngineDebugMaterials/DebugMeshMaterial.uexp" 448
"../../../Engine/Content/EngineDebugMaterials/GeomMaterial.uasset" 449
"../../../Engine/Content/EngineDebugMaterials/GeomMaterial.uexp" 450
"../../../Engine/Content/Functions/Engine_MaterialFunctions01/Shading/ConvertFromDiffSpec.uasset" 451
"../../../Engine/Content/Functions/Engine_MaterialFunctions01/Shading/ConvertFromDiffSpec.uexp" 452
"../../../Engine/Content/EngineDebugMaterials/LevelColorationLitMaterial.uasset" 453
"../../../Engine/Content/EngineDebugMaterials/LevelColorationLitMaterial.uexp" 454
"../../../Engine/Content/EngineDebugMaterials/LevelColorationUnlitMaterial.uasset" 455
"../../../Engine/Content/EngineDebugMaterials/LevelColorationUnlitMaterial.uexp" 456
"../../../Engine/Content/EngineMaterials/DefaultWhiteGrid.uasset" 457
"../../../Engine/Content/EngineMaterials/DefaultWhiteGrid.uexp" 458
"../../../Engine/Content/EngineMaterials/DefaultWhiteGrid.ubulk" 459
"../../../Engine/Content/EngineDebugMaterials/MAT_LevelColorationLitLightmapUV.uasset" 460
"../../../Engine/Content/EngineDebugMaterials/MAT_LevelColorationLitLightmapUV.uexp" 461
"../../../Engine/Content/EngineDebugMaterials/M_SimpleUnlitTranslucent.uasset" 462
"../../../Engine/Content/EngineDebugMaterials/M_SimpleUnlitTranslucent.uexp" 463
"../../../Engine/Content/Functions/Engine_MaterialFunctions02/Utility/CameraDirectionVector.uasset" 464
"../../../Engine/Content/Functions/Engine_MaterialFunctions02/Utility/CameraDirectionVector.uexp" 465
"../../../Engine/Content/EngineDebugMaterials/VolumeToRender.uasset" 466
"../../../Engine/Content/EngineDebugMaterials/VolumeToRender.uexp" 467
"../../../Engine/Content/EngineDebugMaterials/M_VolumeRenderSphereTracePP.uasset" 468
"../../../Engine/Content/EngineDebugMaterials/M_VolumeRenderSphereTracePP.uexp" 469
"../../../Engine/Content/EngineMaterials/DefaultWhiteGrid_Low.uasset" 470
"../../../Engine/Content/EngineMaterials/DefaultWhiteGrid_Low.uexp" 471
"../../../Engine/Content/EngineDebugMaterials/PhysicalMaterialMaskMaterial.uasset" 472
"../../../Engine/Content/EngineDebugMaterials/PhysicalMaterialMaskMaterial.uexp" 473
"../../../Engine/Content/EngineDebugMaterials/ShadedLevelColorationLitMaterial.uasset" 474
"../../../Engine/Content/EngineDebugMaterials/ShadedLevelColorationLitMaterial.uexp" 475
"../../../Engine/Content/EngineDebugMaterials/ShadedLevelColorationUnlitMateri.uasset" 476
"../../../Engine/Content/EngineDebugMaterials/ShadedLevelColorationUnlitMateri.uexp" 477
"../../../Engine/Content/EngineDebugMaterials/VertexColorMaterial.uasset" 478
"../../../Engine/Content/EngineDebugMaterials/VertexColorMaterial.uexp" 479
"../../../Engine/Content/EngineDebugMaterials/VertexColorViewMode_AlphaAsColor.uasset" 480
"../../../Engine/Content/EngineDebugMaterials/VertexColorViewMode_AlphaAsColor.uexp" 481
"../../../Engine/Content/EngineDebugMaterials/VertexColorViewMode_BlueOnly.uasset" 482
"../../../Engine/Content/EngineDebugMaterials/VertexColorViewMode_BlueOnly.uexp" 483
"../../../Engine/Content/EngineDebugMaterials/VertexColorViewMode_ColorOnly.uasset" 484
"../../../Engine/Content/EngineDebugMaterials/VertexColorViewMode_ColorOnly.uexp" 485
"../../../Engine/Content/EngineDebugMaterials/VertexColorViewMode_GreenOnly.uasset" 486
"../../../Engine/Content/EngineDebugMaterials/VertexColorViewMode_GreenOnly.uexp" 487
"../../../Engine/Content/EngineDebugMaterials/VertexColorViewMode_RedOnly.uasset" 488
"../../../Engine/Content/EngineDebugMaterials/VertexColorViewMode_RedOnly.uexp" 489
"../../../Engine/Content/EngineDebugMaterials/WireframeMaterial.uasset" 490
"../../../Engine/Content/EngineDebugMaterials/WireframeMaterial.uexp" 491
"../../../Engine/Content/EngineFonts/Faces/RobotoLight.uasset" 492
"../../../Engine/Content/EngineFonts/Faces/RobotoLight.uexp" 493
"../../../Engine/Content/EngineFonts/Faces/RobotoLight.ufont" 494
"../../../Engine/Content/EngineFonts/Faces/DroidSansFallback.uasset" 495
"../../../Engine/Content/EngineFonts/Faces/DroidSansFallback.uexp" 496
"../../../Engine/Content/EngineFonts/Faces/DroidSansFallback.ufont" 497
"../../../Engine/Content/EngineFonts/Faces/RobotoBold.uasset" 498
"../../../Engine/Content/EngineFonts/Faces/RobotoBold.uexp" 499
"../../../Engine/Content/EngineFonts/Faces/RobotoBold.ufont" 500
"../../../Engine/Content/EngineFonts/Faces/RobotoBoldItalic.uasset" 501
"../../../Engine/Content/EngineFonts/Faces/RobotoBoldItalic.uexp" 502
"../../../Engine/Content/EngineFonts/Faces/RobotoBoldItalic.ufont" 503
"../../../Engine/Content/EngineFonts/Faces/RobotoItalic.uasset" 504
"../../../Engine/Content/EngineFonts/Faces/RobotoItalic.uexp" 505
"../../../Engine/Content/EngineFonts/Faces/RobotoItalic.ufont" 506
"../../../Engine/Content/EngineFonts/Faces/RobotoRegular.uasset" 507
"../../../Engine/Content/EngineFonts/Faces/RobotoRegular.uexp" 508
"../../../Engine/Content/EngineFonts/Faces/RobotoRegular.ufont" 509
"../../../Engine/Content/EngineFonts/Roboto.uasset" 510
"../../../Engine/Content/EngineFonts/Roboto.uexp" 511
"../../../Engine/Content/EngineFonts/Faces/RobotoTiny.uasset" 512
"../../../Engine/Content/EngineFonts/Faces/RobotoTiny.uexp" 513
"../../../Engine/Content/EngineFonts/Faces/RobotoTiny.ufont" 514
"../../../Engine/Content/EngineFonts/RobotoTiny.uasset" 515
"../../../Engine/Content/EngineFonts/RobotoTiny.uexp" 516
"../../../Engine/Content/EngineFonts/SmallFont.uasset" 517
"../../../Engine/Content/EngineFonts/SmallFont.uexp" 518
"../../../Engine/Content/EngineFonts/TinyFont.uasset" 519
"../../../Engine/Content/EngineFonts/TinyFont.uexp" 520
"../../../Engine/Content/EngineMaterials/BaseFlattenDiffuseMap.uasset" 521
"../../../Engine/Content/EngineMaterials/BaseFlattenDiffuseMap.uexp" 522
"../../../Engine/Content/EngineMaterials/BaseFlattenEmissiveMap.uasset" 523
"../../../Engine/Content/EngineMaterials/BaseFlattenEmissiveMap.uexp" 524
"../../../Engine/Content/EngineMaterials/BaseFlattenGrayscaleMap.uasset" 525
"../../../Engine/Content/EngineMaterials/BaseFlattenGrayscaleMap.uexp" 526
"../../../Engine/Content/EngineMaterials/BaseFlattenNormalMap.uasset" 527
"../../../Engine/Content/EngineMaterials/BaseFlattenNormalMap.uexp" 528
"../../../Engine/Content/EngineMaterials/BaseFlattenMaterial.uasset" 529
"../../../Engine/Content/EngineMaterials/BaseFlattenMaterial.uexp" 530
"../../../Engine/Content/EngineMaterials/BaseFlattenNormalMap_VT.uasset" 531
"../../../Engine/Content/EngineMaterials/BaseFlattenNormalMap_VT.uexp" 532
"../../../Engine/Content/EngineMaterials/BaseFlattenDiffuseMap_VT.uasset" 533
"../../../Engine/Content/EngineMaterials/BaseFlattenDiffuseMap_VT.uexp" 534
"../../../Engine/Content/EngineMaterials/BaseFlattenEmissiveMap_VT.uasset" 535
"../../../Engine/Content/EngineMaterials/BaseFlattenEmissiveMap_VT.uexp" 536
"../../../Engine/Content/EngineMaterials/BaseFlattenGrayscaleMap_VT.uasset" 537
"../../../Engine/Content/EngineMaterials/BaseFlattenGrayscaleMap_VT.uexp" 538
"../../../Engine/Content/EngineMaterials/BaseFlattenMaterial_VT.uasset" 539
"../../../Engine/Content/EngineMaterials/BaseFlattenMaterial_VT.uexp" 540
"../../../Engine/Content/EngineResources/WhiteSquareTexture.uasset" 541
"../../../Engine/Content/EngineResources/WhiteSquareTexture.uexp" 542
"../../../Engine/Content/EngineMaterials/BlinkingCaret.uasset" 543
"../../../Engine/Content/EngineMaterials/BlinkingCaret.uexp" 544
"../../../Engine/Content/EngineMaterials/BlueNoise.uasset" 545
"../../../Engine/Content/EngineMaterials/BlueNoise.uexp" 546
"../../../Engine/Content/EngineMaterials/DefaultBloomKernel.uasset" 547
"../../../Engine/Content/EngineMaterials/DefaultBloomKernel.uexp" 548
"../../../Engine/Content/EngineMaterials/DefaultBokeh.uasset" 549
"../../../Engine/Content/EngineMaterials/DefaultBokeh.uexp" 550
"../../../Engine/Content/EngineMaterials/DefaultDeferredDecalMaterial.uasset" 551
"../../../Engine/Content/EngineMaterials/DefaultDeferredDecalMaterial.uexp" 552
"../../../Engine/Content/EngineMaterials/DefaultLightFunctionMaterial.uasset" 553
"../../../Engine/Content/EngineMaterials/DefaultLightFunctionMaterial.uexp" 554
"../../../Engine/Content/EngineMaterials/DefaultNormal.uasset" 555
"../../../Engine/Content/EngineMaterials/DefaultNormal.uexp" 556
"../../../Engine/Content/EngineMaterials/DefaultNormal.ubulk" 557
"../../../Engine/Content/EngineMaterials/DefaultPostProcessMaterial.uasset" 558
"../../../Engine/Content/EngineMaterials/DefaultPostProcessMaterial.uexp" 559
"../../../Engine/Content/EngineFonts/RobotoDistanceField.uasset" 560
"../../../Engine/Content/EngineFonts/RobotoDistanceField.uexp" 561
"../../../Engine/Content/EngineMaterials/DefaultTextMaterialOpaque.uasset" 562
"../../../Engine/Content/EngineMaterials/DefaultTextMaterialOpaque.uexp" 563
"../../../Engine/Content/EngineMaterials/EditorBrushMaterial.uasset" 564
"../../../Engine/Content/EngineMaterials/EditorBrushMaterial.uexp" 565
"../../../Engine/Content/EngineMaterials/EmissiveMeshMaterial.uasset" 566
"../../../Engine/Content/EngineMaterials/EmissiveMeshMaterial.uexp" 567
"../../../Engine/Content/EngineMaterials/GizmoMaterial.uasset" 568
"../../../Engine/Content/EngineMaterials/GizmoMaterial.uexp" 569
"../../../Engine/Content/EngineMaterials/Good64x64TilingNoiseHighFreq.uasset" 570
"../../../Engine/Content/EngineMaterials/Good64x64TilingNoiseHighFreq.uexp" 571
"../../../Engine/Content/EngineMaterials/Grid.uasset" 572
"../../../Engine/Content/EngineMaterials/Grid.uexp" 573
"../../../Engine/Content/EngineMaterials/Grid.ubulk" 574
"../../../Engine/Content/EngineMaterials/Grid_N.uasset" 575
"../../../Engine/Content/EngineMaterials/Grid_N.uexp" 576
"../../../Engine/Content/EngineMaterials/Grid_N.ubulk" 577
"../../../Engine/Content/EngineMaterials/HighResolutionScreenshotMaskFunction.uasset" 578
"../../../Engine/Content/EngineMaterials/HighResolutionScreenshotMaskFunction.uexp" 579
"../../../Engine/Content/EngineMaterials/HighResScreenshot.uasset" 580
"../../../Engine/Content/EngineMaterials/HighResScreenshot.uexp" 581
"../../../Engine/Content/EngineMaterials/HighResScreenshotCaptureRegion.uasset" 582
"../../../Engine/Content/EngineMaterials/HighResScreenshotCaptureRegion.uexp" 583
"../../../Engine/Content/EngineMaterials/HighResScreenshotMask.uasset" 584
"../../../Engine/Content/EngineMaterials/HighResScreenshotMask.uexp" 585
"../../../Engine/Content/EngineMaterials/LandscapeHolePhysicalMaterial.uasset" 586
"../../../Engine/Content/EngineMaterials/LandscapeHolePhysicalMaterial.uexp" 587
"../../../Engine/Content/EngineMaterials/InvalidLightmapSettings.uasset" 588
"../../../Engine/Content/EngineMaterials/InvalidLightmapSettings.uexp" 589
"../../../Engine/Content/EngineMaterials/InvalidLightmapSettings.ubulk" 590
"../../../Engine/Content/EngineMaterials/M_InvalidLightmapSettings.uasset" 591
"../../../Engine/Content/EngineMaterials/M_InvalidLightmapSettings.uexp" 592
"../../../Engine/Content/EngineMaterials/PaperDiffuse.uasset" 593
"../../../Engine/Content/EngineMaterials/PaperDiffuse.uexp" 594
"../../../Engine/Content/EngineMaterials/PaperNormal.uasset" 595
"../../../Engine/Content/EngineMaterials/PaperNormal.uexp" 596
"../../../Engine/Content/Functions/Engine_MaterialFunctions02/WorldPositionOffset/CameraOffset.uasset" 597
"../../../Engine/Content/Functions/Engine_MaterialFunctions02/WorldPositionOffset/CameraOffset.uexp" 598
"../../../Engine/Content/EngineMaterials/PhAT_JointLimitMaterial.uasset" 599
"../../../Engine/Content/EngineMaterials/PhAT_JointLimitMaterial.uexp" 600
"../../../Engine/Content/EngineMaterials/PhysMat_Rubber.uasset" 601
"../../../Engine/Content/EngineMaterials/PhysMat_Rubber.uexp" 602
"../../../Engine/Content/EngineMaterials/PreintegratedSkinBRDF.uasset" 603
"../../../Engine/Content/EngineMaterials/PreintegratedSkinBRDF.uexp" 604
"../../../Engine/Content/EngineMaterials/RemoveSurfaceMaterial.uasset" 605
"../../../Engine/Content/EngineMaterials/RemoveSurfaceMaterial.uexp" 606
"../../../Engine/Content/EngineMaterials/WeightMapPlaceholderTexture.uasset" 607
"../../../Engine/Content/EngineMaterials/WeightMapPlaceholderTexture.uexp" 608
"../../../Engine/Content/Functions/Engine_MaterialFunctions01/ImageAdjustment/sRGBToLinear.uasset" 609
"../../../Engine/Content/Functions/Engine_MaterialFunctions01/ImageAdjustment/sRGBToLinear.uexp" 610
"../../../Engine/Content/EngineMaterials/Widget3DCameraPassThrough_Opaque_OneSided.uasset" 611
"../../../Engine/Content/EngineMaterials/Widget3DCameraPassThrough_Opaque_OneSided.uexp" 612
"../../../Engine/Content/EngineMaterials/Widget3DPassThrough.uasset" 613
"../../../Engine/Content/EngineMaterials/Widget3DPassThrough.uexp" 614
"../../../Engine/Content/EngineMaterials/Widget3DPassThrough_Masked.uasset" 615
"../../../Engine/Content/EngineMaterials/Widget3DPassThrough_Masked.uexp" 616
"../../../Engine/Content/EngineMaterials/Widget3DPassThrough_Opaque.uasset" 617
"../../../Engine/Content/EngineMaterials/Widget3DPassThrough_Opaque.uexp" 618
"../../../Engine/Content/EngineMaterials/Widget3DPassThrough_Masked_OneSided.uasset" 619
"../../../Engine/Content/EngineMaterials/Widget3DPassThrough_Masked_OneSided.uexp" 620
"../../../Engine/Content/EngineMaterials/Widget3DPassThrough_Opaque_OneSided.uasset" 621
"../../../Engine/Content/EngineMaterials/Widget3DPassThrough_Opaque_OneSided.uexp" 622
"../../../Engine/Content/EngineMaterials/Widget3DPassThrough_Translucent.uasset" 623
"../../../Engine/Content/EngineMaterials/Widget3DPassThrough_Translucent.uexp" 624
"../../../Engine/Content/EngineMaterials/Widget3DPassThrough_Translucent_OneSided.uasset" 625
"../../../Engine/Content/EngineMaterials/Widget3DPassThrough_Translucent_OneSided.uexp" 626
"../../../Engine/Content/EngineMeshes/Sphere.uasset" 627
"../../../Engine/Content/EngineMeshes/Sphere.uexp" 628
"../../../Engine/Content/EngineMeshes/Sphere.ubulk" 629
"../../../Engine/Content/EngineResources/Black.uasset" 630
"../../../Engine/Content/EngineResources/Black.uexp" 631
"../../../Engine/Content/EngineResources/DefaultTextureCube.uasset" 632
"../../../Engine/Content/EngineResources/DefaultTextureCube.uexp" 633
"../../../Engine/Content/EngineResources/DefaultVolumeTexture2D.uasset" 634
"../../../Engine/Content/EngineResources/DefaultVolumeTexture2D.uexp" 635
"../../../Engine/Content/EngineResources/DefaultVolumeTexture.uasset" 636
"../../../Engine/Content/EngineResources/DefaultVolumeTexture.uexp" 637
"../../../Engine/Content/EngineResources/GradientTexture0.uasset" 638
"../../../Engine/Content/EngineResources/GradientTexture0.uexp" 639
"../../../Engine/Content/EngineResources/StreamingPauseIcon.uasset" 640
"../../../Engine/Content/EngineResources/StreamingPauseIcon.uexp" 641
"../../../Engine/Content/EngineResources/M_StreamingPause.uasset" 642
"../../../Engine/Content/EngineResources/M_StreamingPause.uexp" 643
"../../../Engine/Content/EngineSky/VolumetricClouds/T_NoiseShape64.uasset" 644
"../../../Engine/Content/EngineSky/VolumetricClouds/T_NoiseShape64.uexp" 645
"../../../Engine/Content/EngineSky/VolumetricClouds/T_NoiseShape64.ubulk" 646
"../../../Engine/Content/EngineSky/VolumetricClouds/T_VolumeNoiseShape64.uasset" 647
"../../../Engine/Content/EngineSky/VolumetricClouds/T_VolumeNoiseShape64.uexp" 648
"../../../Engine/Content/EngineSky/VolumetricClouds/CloudGradientTexture.uasset" 649
"../../../Engine/Content/EngineSky/VolumetricClouds/CloudGradientTexture.uexp" 650
"../../../Engine/Content/EngineSky/VolumetricClouds/CloudWeatherTexture.uasset" 651
"../../../Engine/Content/EngineSky/VolumetricClouds/CloudWeatherTexture.uexp" 652
"../../../Engine/Content/EngineSky/VolumetricClouds/T_NoiseErosion.uasset" 653
"../../../Engine/Content/EngineSky/VolumetricClouds/T_NoiseErosion.uexp" 654
"../../../Engine/Content/EngineSky/VolumetricClouds/T_NoiseErosion.ubulk" 655
"../../../Engine/Content/EngineSky/VolumetricClouds/T_VolumeNoiseErosion32.uasset" 656
"../../../Engine/Content/EngineSky/VolumetricClouds/T_VolumeNoiseErosion32.uexp" 657
"../../../Engine/Content/EngineSky/VolumetricClouds/m_SimpleVolumetricCloud.uasset" 658
"../../../Engine/Content/EngineSky/VolumetricClouds/m_SimpleVolumetricCloud.uexp" 659
"../../../Engine/Content/EngineSky/VolumetricClouds/m_SimpleVolumetricCloud_Inst.uasset" 660
"../../../Engine/Content/EngineSky/VolumetricClouds/m_SimpleVolumetricCloud_Inst.uexp" 661
"../../../Engine/Content/EngineSounds/Master.uasset" 662
"../../../Engine/Content/EngineSounds/Master.uexp" 663
"../../../Engine/Content/Functions/Engine_MaterialFunctions01/Shading/PowerToRoughness.uasset" 664
"../../../Engine/Content/Functions/Engine_MaterialFunctions01/Shading/PowerToRoughness.uexp" 665
"../../../Engine/Content/Maps/Templates/Thumbnails/Default.uasset" 666
"../../../Engine/Content/Maps/Templates/Thumbnails/Default.uexp" 667
"../../../Engine/Content/Maps/Templates/Thumbnails/TimeOfDay.uasset" 668
"../../../Engine/Content/Maps/Templates/Thumbnails/TimeOfDay.uexp" 669
"../../../Engine/Content/Maps/Templates/Thumbnails/VR-Basic.uasset" 670
"../../../Engine/Content/Maps/Templates/Thumbnails/VR-Basic.uexp" 671
"../../../Engine/Content/MapTemplates/Sky/DaylightAmbientCubemap.uasset" 672
"../../../Engine/Content/MapTemplates/Sky/DaylightAmbientCubemap.uexp" 673
"../../../Engine/Content/MobileResources/T_MobileControls_texture.uasset" 674
"../../../Engine/Content/MobileResources/T_MobileControls_texture.uexp" 675
"../../../Engine/Content/MobileResources/T_MobileMenu2.uasset" 676
"../../../Engine/Content/MobileResources/T_MobileMenu2.uexp" 677
"../../../Engine/Content/MobileResources/HUD/AnalogHat.uasset" 678
"../../../Engine/Content/MobileResources/HUD/AnalogHat.uexp" 679
"../../../Engine/Content/MobileResources/HUD/VirtualJoystick_Background.uasset" 680
"../../../Engine/Content/MobileResources/HUD/VirtualJoystick_Background.uexp" 681
"../../../Engine/Content/MobileResources/HUD/VirtualJoystick_Thumb.uasset" 682
"../../../Engine/Content/MobileResources/HUD/VirtualJoystick_Thumb.uexp" 683
"../../../Engine/Content/MobileResources/HUD/DefaultVirtualJoysticks.uasset" 684
"../../../Engine/Content/MobileResources/HUD/DefaultVirtualJoysticks.uexp" 685
"../../../Engine/Content/MobileResources/HUD/LeftVirtualJoystickOnly.uasset" 686
"../../../Engine/Content/MobileResources/HUD/LeftVirtualJoystickOnly.uexp" 687
"../../../Engine/Content/MobileResources/HUD/MobileHUDButton1_off.uasset" 688
"../../../Engine/Content/MobileResources/HUD/MobileHUDButton1_off.uexp" 689
"../../../Engine/Content/MobileResources/HUD/MobileHUDButton1_on.uasset" 690
"../../../Engine/Content/MobileResources/HUD/MobileHUDButton1_on.uexp" 691
"../../../Engine/Content/MobileResources/HUD/MobileHUDButton2_off.uasset" 692
"../../../Engine/Content/MobileResources/HUD/MobileHUDButton2_off.uexp" 693
"../../../Engine/Content/MobileResources/HUD/MobileHUDButton2_on.uasset" 694
"../../../Engine/Content/MobileResources/HUD/MobileHUDButton2_on.uexp" 695
"../../../Engine/Content/MobileResources/HUD/MobileHUDButton3.uasset" 696
"../../../Engine/Content/MobileResources/HUD/MobileHUDButton3.uexp" 697
"../../../Engine/Content/MobileResources/HUD/MobileHUDButtonFire.uasset" 698
"../../../Engine/Content/MobileResources/HUD/MobileHUDButtonFire.uexp" 699
"../../../Engine/Content/MobileResources/HUD/MobileHUDDirectionPad.uasset" 700
"../../../Engine/Content/MobileResources/HUD/MobileHUDDirectionPad.uexp" 701
"../../../Engine/Content/MobileResources/HUD/MobileHUDDirectionPad2.uasset" 702
"../../../Engine/Content/MobileResources/HUD/MobileHUDDirectionPad2.uexp" 703
"../../../Engine/Content/MobileResources/HUD/MobileHUDDirectionPad3.uasset" 704
"../../../Engine/Content/MobileResources/HUD/MobileHUDDirectionPad3.uexp" 705
"../../../Engine/Content/MobileResources/HUD/MobileHUDDirectionStick.uasset" 706
"../../../Engine/Content/MobileResources/HUD/MobileHUDDirectionStick.uexp" 707
"../../../Engine/Content/MobileResources/HUD/T_Castle_ThumbstickInner.uasset" 708
"../../../Engine/Content/MobileResources/HUD/T_Castle_ThumbstickInner.uexp" 709
"../../../Engine/Content/MobileResources/HUD/T_Castle_ThumbstickOutter.uasset" 710
"../../../Engine/Content/MobileResources/HUD/T_Castle_ThumbstickOutter.uexp" 711
"../../../Engine/Content/Tutorial/ContentIntroCurve.uasset" 712
"../../../Engine/Content/Tutorial/ContentIntroCurve.uexp" 713
"../../../Engine/Content/VREditor/LaserPointer/VR_LaserPower_01.uasset" 714
"../../../Engine/Content/VREditor/LaserPointer/VR_LaserPower_01.uexp" 715
"../../../Engine/Content/VREditor/LaserPointer/VR_LaserPower_01.ubulk" 716
"../../../Engine/Content/VREditor/TransformGizmo/TransformGizmoMaterial.uasset" 717
"../../../Engine/Content/VREditor/TransformGizmo/TransformGizmoMaterial.uexp" 718
"../../../Engine/Content/VREditor/TransformGizmo/TranslucentTransformGizmoMaterial.uasset" 719
"../../../Engine/Content/VREditor/TransformGizmo/TranslucentTransformGizmoMaterial.uexp" 720
"../../../Engine/Content/VREditor/TransformGizmo/BoundingBoxCorner.uasset" 721
"../../../Engine/Content/VREditor/TransformGizmo/BoundingBoxCorner.uexp" 722
"../../../Engine/Content/VREditor/TransformGizmo/BoundingBoxCorner.ubulk" 723
"../../../Engine/Content/VREditor/TransformGizmo/BoundingBoxEdge.uasset" 724
"../../../Engine/Content/VREditor/TransformGizmo/BoundingBoxEdge.uexp" 725
"../../../Engine/Content/VREditor/TransformGizmo/BoundingBoxEdge.ubulk" 726
"../../../Engine/Content/VREditor/TransformGizmo/PlaneTranslationHandle.uasset" 727
"../../../Engine/Content/VREditor/TransformGizmo/PlaneTranslationHandle.uexp" 728
"../../../Engine/Content/VREditor/TransformGizmo/PlaneTranslationHandle.ubulk" 729
"../../../Engine/Content/VREditor/TransformGizmo/Main.uasset" 730
"../../../Engine/Content/VREditor/TransformGizmo/Main.uexp" 731
"../../../Engine/Content/VREditor/TransformGizmo/Xray.uasset" 732
"../../../Engine/Content/VREditor/TransformGizmo/Xray.uexp" 733
"../../../Engine/Content/VREditor/TransformGizmo/SM_Sequencer_Key.uasset" 734
"../../../Engine/Content/VREditor/TransformGizmo/SM_Sequencer_Key.uexp" 735
"../../../Engine/Content/VREditor/TransformGizmo/SM_Sequencer_Key.ubulk" 736
"../../../Engine/Content/VREditor/TransformGizmo/SM_Sequencer_Node.uasset" 737
"../../../Engine/Content/VREditor/TransformGizmo/SM_Sequencer_Node.uexp" 738
"../../../Engine/Content/VREditor/TransformGizmo/SM_Sequencer_Node.ubulk" 739
"../../../Engine/Plugins/2D/Paper2D/Content/PlaceholderTextures/DummySpriteTexture.uasset" 740
"../../../Engine/Plugins/2D/Paper2D/Content/PlaceholderTextures/DummySpriteTexture.uexp" 741
"../../../Engine/Plugins/2D/Paper2D/Content/PlaceholderTextures/DummySpriteTexture.ubulk" 742
"../../../Engine/Plugins/2D/Paper2D/Content/DummySprite.uasset" 743
"../../../Engine/Plugins/2D/Paper2D/Content/DummySprite.uexp" 744
"../../../Engine/Plugins/2D/Paper2D/Content/DefaultPaperTerrainMaterial.uasset" 745
"../../../Engine/Plugins/2D/Paper2D/Content/DefaultPaperTerrainMaterial.uexp" 746
"../../../Engine/Plugins/2D/Paper2D/Content/DefaultSpriteMaterial.uasset" 747
"../../../Engine/Plugins/2D/Paper2D/Content/DefaultSpriteMaterial.uexp" 748
"../../../Engine/Plugins/2D/Paper2D/Content/MaskedUnlitSpriteMaterial.uasset" 749
"../../../Engine/Plugins/2D/Paper2D/Content/MaskedUnlitSpriteMaterial.uexp" 750
"../../../Engine/Plugins/2D/Paper2D/Content/OpaqueUnlitSpriteMaterial.uasset" 751
"../../../Engine/Plugins/2D/Paper2D/Content/OpaqueUnlitSpriteMaterial.uexp" 752
"../../../Engine/Content/Functions/Engine_MaterialFunctions02/SafeNormalize.uasset" 753
"../../../Engine/Content/Functions/Engine_MaterialFunctions02/SafeNormalize.uexp" 754
"../../../Engine/Content/EngineResources/DefaultTexture.uasset" 755
"../../../Engine/Content/EngineResources/DefaultTexture.uexp" 756
"../../../Engine/Content/EngineResources/DefaultTexture.ubulk" 757
"../../../Engine/Content/Functions/Engine_MaterialFunctions02/ObjectLocalBounds.uasset" 758
"../../../Engine/Content/Functions/Engine_MaterialFunctions02/ObjectLocalBounds.uexp" 759
"../../../Engine/Content/Functions/Engine_MaterialFunctions02/UVs/BoundingBoxBased_0-1_UVW.uasset" 760
"../../../Engine/Content/Functions/Engine_MaterialFunctions02/UVs/BoundingBoxBased_0-1_UVW.uexp" 761
"../../../Engine/Plugins/Editor/SpeedTreeImporter/Content/SpeedTree9/game_wind_noise.uasset" 762
"../../../Engine/Plugins/Editor/SpeedTreeImporter/Content/SpeedTree9/game_wind_noise.uexp" 763
"../../../Engine/Plugins/Editor/SpeedTreeImporter/Content/SpeedTree9/game_wind_noise.ubulk" 764
"../../../Engine/Plugins/Editor/SpeedTreeImporter/Content/SpeedTree9/SpeedTreeBillboard.uasset" 765
"../../../Engine/Plugins/Editor/SpeedTreeImporter/Content/SpeedTree9/SpeedTreeBillboard.uexp" 766
"../../../Engine/Plugins/Editor/SpeedTreeImporter/Content/SpeedTree9/SpeedTreeWindMotion.uasset" 767
"../../../Engine/Plugins/Editor/SpeedTreeImporter/Content/SpeedTree9/SpeedTreeWindMotion.uexp" 768
"../../../Engine/Plugins/Editor/SpeedTreeImporter/Content/SpeedTree9/UnpackDirection.uasset" 769
"../../../Engine/Plugins/Editor/SpeedTreeImporter/Content/SpeedTree9/UnpackDirection.uexp" 770
"../../../Engine/Plugins/Editor/SpeedTreeImporter/Content/SpeedTree9/UnpackInteger3.uasset" 771
"../../../Engine/Plugins/Editor/SpeedTreeImporter/Content/SpeedTree9/UnpackInteger3.uexp" 772
"../../../Engine/Plugins/Editor/SpeedTreeImporter/Content/SpeedTree9/SpeedTreeBranchMotion.uasset" 773
"../../../Engine/Plugins/Editor/SpeedTreeImporter/Content/SpeedTree9/SpeedTreeBranchMotion.uexp" 774
"../../../Engine/Plugins/Editor/SpeedTreeImporter/Content/SpeedTree9/SpeedTreeWind.uasset" 775
"../../../Engine/Plugins/Editor/SpeedTreeImporter/Content/SpeedTree9/SpeedTreeWind.uexp" 776
"../../../Engine/Plugins/Editor/SpeedTreeImporter/Content/SpeedTree9/SpeedTreeBillboardMaster.uasset" 777
"../../../Engine/Plugins/Editor/SpeedTreeImporter/Content/SpeedTree9/SpeedTreeBillboardMaster.uexp" 778
"../../../Engine/Plugins/Editor/SpeedTreeImporter/Content/SpeedTree9/SpeedTreeCameraFacing.uasset" 779
"../../../Engine/Plugins/Editor/SpeedTreeImporter/Content/SpeedTree9/SpeedTreeCameraFacing.uexp" 780
"../../../Engine/Plugins/Editor/SpeedTreeImporter/Content/SpeedTree9/SpeedTreeMaster.uasset" 781
"../../../Engine/Plugins/Editor/SpeedTreeImporter/Content/SpeedTree9/SpeedTreeMaster.uexp" 782
"../../../Engine/Plugins/FX/Niagara/Content/Enums/ENiagaraCoordinateSpace.uasset" 783
"../../../Engine/Plugins/FX/Niagara/Content/Enums/ENiagaraCoordinateSpace.uexp" 784
"../../../Engine/Plugins/FX/Niagara/Content/Enums/ENiagaraOrientationAxis.uasset" 785
"../../../Engine/Plugins/FX/Niagara/Content/Enums/ENiagaraOrientationAxis.uexp" 786
"../../../Engine/Plugins/FX/Niagara/Content/Enums/ENiagaraRandomnessMode.uasset" 787
"../../../Engine/Plugins/FX/Niagara/Content/Enums/ENiagaraRandomnessMode.uexp" 788
"../../../Engine/Plugins/FX/Niagara/Content/Icons/S_ParticleSystem.uasset" 789
"../../../Engine/Plugins/FX/Niagara/Content/Icons/S_ParticleSystem.uexp" 790
"../../../Engine/Plugins/FX/Niagara/Content/Icons/S_ParticleSystem.ubulk" 791
"../../../Engine/Content/BasicShapes/Cylinder.uasset" 792
"../../../Engine/Content/BasicShapes/Cylinder.uexp" 793
"../../../Engine/Content/BasicShapes/Cylinder.ubulk" 794
"../../../Engine/Content/ArtTools/RenderToTexture/Materials/Debug/M_Emissive_Color.uasset" 795
"../../../Engine/Content/ArtTools/RenderToTexture/Materials/Debug/M_Emissive_Color.uexp" 796
"../../../Engine/Plugins/Lumin/MagicLeapPassableWorld/Content/MagicLeapARPinInfoActor.uasset" 797
"../../../Engine/Plugins/Lumin/MagicLeapPassableWorld/Content/MagicLeapARPinInfoActor.uexp" 798
"../../../Engine/Plugins/Runtime/HairStrands/Content/Materials/HairCardsDefaultMaterial.uasset" 799
"../../../Engine/Plugins/Runtime/HairStrands/Content/Materials/HairCardsDefaultMaterial.uexp" 800
"../../../Engine/Content/EngineMaterials/HairColorMap.uasset" 801
"../../../Engine/Content/EngineMaterials/HairColorMap.uexp" 802
"../../../Engine/Content/EngineMaterials/HairDebugColor.uasset" 803
"../../../Engine/Content/EngineMaterials/HairDebugColor.uexp" 804
"../../../Engine/Plugins/Runtime/HairStrands/Content/Materials/HairDebugMaterial.uasset" 805
"../../../Engine/Plugins/Runtime/HairStrands/Content/Materials/HairDebugMaterial.uexp" 806
"../../../Engine/Plugins/Runtime/HairStrands/Content/Materials/HairDefaultMaterial.uasset" 807
"../../../Engine/Plugins/Runtime/HairStrands/Content/Materials/HairDefaultMaterial.uexp" 808
"../../../Engine/Plugins/Runtime/HairStrands/Content/Materials/HairMeshesDefaultMaterial.uasset" 809
"../../../Engine/Plugins/Runtime/HairStrands/Content/Materials/HairMeshesDefaultMaterial.uexp" 810
"../../../Engine/Content/Functions/Engine_MaterialFunctions02/Utility/BreakOutFloat4Components.uasset" 811
"../../../Engine/Content/Functions/Engine_MaterialFunctions02/Utility/BreakOutFloat4Components.uexp" 812
"../../../Engine/Plugins/Runtime/Oculus/OculusVR/Content/Materials/OculusMR_ChromaKey.uasset" 813
"../../../Engine/Plugins/Runtime/Oculus/OculusVR/Content/Materials/OculusMR_ChromaKey.uexp" 814
"../../../Engine/Plugins/Runtime/Oculus/OculusVR/Content/Materials/OculusMR_OpaqueColoredMaterial.uasset" 815
"../../../Engine/Plugins/Runtime/Oculus/OculusVR/Content/Materials/OculusMR_OpaqueColoredMaterial.uexp" 816
"../../../Engine/Plugins/Runtime/Oculus/OculusVR/Content/Materials/PokeAHoleMaterial.uasset" 817
"../../../Engine/Plugins/Runtime/Oculus/OculusVR/Content/Materials/PokeAHoleMaterial.uexp" 818
"G:/HakathonAnatomy_Project/vr_Simulation/Content/StarterContent/Materials/M_Basic_Floor.uasset" 819
"G:/HakathonAnatomy_Project/vr_Simulation/Content/StarterContent/Materials/M_Basic_Floor.uexp" 820
"G:/HakathonAnatomy_Project/vr_Simulation/Content/StarterContent/Architecture/Floor_400x400.uasset" 821
"G:/HakathonAnatomy_Project/vr_Simulation/Content/StarterContent/Architecture/Floor_400x400.uexp" 822
"G:/HakathonAnatomy_Project/vr_Simulation/Content/StarterContent/Architecture/Floor_400x400.ubulk" 823
"../../../Engine/Content/Maps/Entry_BuiltData.uasset" 824
"../../../Engine/Content/Maps/Entry_BuiltData.uexp" 825
"../../../Engine/Content/Maps/Entry.uexp" 826
"../../../Engine/Content/Maps/Entry.umap" 827
"../../../Engine/Content/EngineSky/C_Sky_Cloud_Color.uasset" 828
"../../../Engine/Content/EngineSky/C_Sky_Cloud_Color.uexp" 829
"../../../Engine/Content/EngineSky/C_Sky_Horizon_Color.uasset" 830
"../../../Engine/Content/EngineSky/C_Sky_Horizon_Color.uexp" 831
"../../../Engine/Content/EngineSky/C_Sky_Zenith_Color.uasset" 832
"../../../Engine/Content/EngineSky/C_Sky_Zenith_Color.uexp" 833
"../../../Engine/Content/EngineSky/T_Sky_Blue.uasset" 834
"../../../Engine/Content/EngineSky/T_Sky_Blue.uexp" 835
"../../../Engine/Content/EngineSky/T_Sky_Blue.ubulk" 836
"../../../Engine/Content/EngineSky/T_Sky_Clouds_M.uasset" 837
"../../../Engine/Content/EngineSky/T_Sky_Clouds_M.uexp" 838
"../../../Engine/Content/EngineSky/T_Sky_Clouds_M.ubulk" 839
"../../../Engine/Content/EngineSky/T_Sky_Stars.uasset" 840
"../../../Engine/Content/EngineSky/T_Sky_Stars.uexp" 841
"../../../Engine/Content/EngineSky/T_Sky_Stars.ubulk" 842
"../../../Engine/Content/EngineSky/M_Sky_Panning_Clouds2.uasset" 843
"../../../Engine/Content/EngineSky/M_Sky_Panning_Clouds2.uexp" 844
"../../../Engine/Content/EngineSky/SM_SkySphere.uasset" 845
"../../../Engine/Content/EngineSky/SM_SkySphere.uexp" 846
"../../../Engine/Content/EngineSky/SM_SkySphere.ubulk" 847
"../../../Engine/Content/EditorBlueprintResources/StandardMacros.uasset" 848
"../../../Engine/Content/EditorBlueprintResources/StandardMacros.uexp" 849
"../../../Engine/Content/EngineSky/BP_Sky_Sphere.uasset" 850
"../../../Engine/Content/EngineSky/BP_Sky_Sphere.uexp" 851
"G:/HakathonAnatomy_Project/vr_Simulation/Content/Geometry/Meshes/CubeMaterial.uasset" 852
"G:/HakathonAnatomy_Project/vr_Simulation/Content/Geometry/Meshes/CubeMaterial.uexp" 853
"G:/HakathonAnatomy_Project/vr_Simulation/Content/Geometry/Meshes/1M_Cube.uasset" 854
"G:/HakathonAnatomy_Project/vr_Simulation/Content/Geometry/Meshes/1M_Cube.uexp" 855
"G:/HakathonAnatomy_Project/vr_Simulation/Content/Geometry/Meshes/1M_Cube.ubulk" 856
"G:/HakathonAnatomy_Project/vr_Simulation/Content/Geometry/Meshes/1M_Cube_Chamfer.uasset" 857
"G:/HakathonAnatomy_Project/vr_Simulation/Content/Geometry/Meshes/1M_Cube_Chamfer.uexp" 858
"G:/HakathonAnatomy_Project/vr_Simulation/Content/Geometry/Meshes/1M_Cube_Chamfer.ubulk" 859
"G:/HakathonAnatomy_Project/vr_Simulation/Content/Geometry/Meshes/TemplateFloor.uasset" 860
"G:/HakathonAnatomy_Project/vr_Simulation/Content/Geometry/Meshes/TemplateFloor.uexp" 861
"G:/HakathonAnatomy_Project/vr_Simulation/Content/Geometry/Meshes/TemplateFloor.ubulk" 862
"G:/HakathonAnatomy_Project/vr_Simulation/Content/ThirdPerson/Meshes/RampMaterial.uasset" 863
"G:/HakathonAnatomy_Project/vr_Simulation/Content/ThirdPerson/Meshes/RampMaterial.uexp" 864
"G:/HakathonAnatomy_Project/vr_Simulation/Content/ThirdPerson/Meshes/Bump_StaticMesh.uasset" 865
"G:/HakathonAnatomy_Project/vr_Simulation/Content/ThirdPerson/Meshes/Bump_StaticMesh.uexp" 866
"G:/HakathonAnatomy_Project/vr_Simulation/Content/ThirdPerson/Meshes/Bump_StaticMesh.ubulk" 867
"G:/HakathonAnatomy_Project/vr_Simulation/Content/ThirdPerson/Meshes/LeftArm_StaticMesh.uasset" 868
"G:/HakathonAnatomy_Project/vr_Simulation/Content/ThirdPerson/Meshes/LeftArm_StaticMesh.uexp" 869
"G:/HakathonAnatomy_Project/vr_Simulation/Content/ThirdPerson/Meshes/LeftArm_StaticMesh.ubulk" 870
"G:/HakathonAnatomy_Project/vr_Simulation/Content/ThirdPerson/Meshes/Linear_Stair_StaticMesh.uasset" 871
"G:/HakathonAnatomy_Project/vr_Simulation/Content/ThirdPerson/Meshes/Linear_Stair_StaticMesh.uexp" 872
"G:/HakathonAnatomy_Project/vr_Simulation/Content/ThirdPerson/Meshes/Linear_Stair_StaticMesh.ubulk" 873
"G:/HakathonAnatomy_Project/vr_Simulation/Content/ThirdPerson/Meshes/Ramp_StaticMesh.uasset" 874
"G:/HakathonAnatomy_Project/vr_Simulation/Content/ThirdPerson/Meshes/Ramp_StaticMesh.uexp" 875
"G:/HakathonAnatomy_Project/vr_Simulation/Content/ThirdPerson/Meshes/RightArm_StaticMesh.uasset" 876
"G:/HakathonAnatomy_Project/vr_Simulation/Content/ThirdPerson/Meshes/RightArm_StaticMesh.uexp" 877
"G:/HakathonAnatomy_Project/vr_Simulation/Content/ThirdPerson/Meshes/RightArm_StaticMesh.ubulk" 878
"G:/HakathonAnatomy_Project/vr_Simulation/Content/Mannequin/Character/Mesh/UE4_Mannequin_Skeleton.uasset" 879
"G:/HakathonAnatomy_Project/vr_Simulation/Content/Mannequin/Character/Mesh/UE4_Mannequin_Skeleton.uexp" 880
"G:/HakathonAnatomy_Project/vr_Simulation/Content/Mannequin/Animations/ThirdPersonJump_Loop.uasset" 881
"G:/HakathonAnatomy_Project/vr_Simulation/Content/Mannequin/Animations/ThirdPersonJump_Loop.uexp" 882
"G:/HakathonAnatomy_Project/vr_Simulation/Content/Mannequin/Animations/ThirdPersonJump_Start.uasset" 883
"G:/HakathonAnatomy_Project/vr_Simulation/Content/Mannequin/Animations/ThirdPersonJump_Start.uexp" 884
"G:/HakathonAnatomy_Project/vr_Simulation/Content/Mannequin/Animations/ThirdPerson_Jump.uasset" 885
"G:/HakathonAnatomy_Project/vr_Simulation/Content/Mannequin/Animations/ThirdPerson_Jump.uexp" 886
"G:/HakathonAnatomy_Project/vr_Simulation/Content/Mannequin/Animations/ThirdPersonRun.uasset" 887
"G:/HakathonAnatomy_Project/vr_Simulation/Content/Mannequin/Animations/ThirdPersonRun.uexp" 888
"G:/HakathonAnatomy_Project/vr_Simulation/Content/Mannequin/Animations/ThirdPersonIdle.uasset" 889
"G:/HakathonAnatomy_Project/vr_Simulation/Content/Mannequin/Animations/ThirdPersonIdle.uexp" 890
"G:/HakathonAnatomy_Project/vr_Simulation/Content/Mannequin/Animations/ThirdPersonWalk.uasset" 891
"G:/HakathonAnatomy_Project/vr_Simulation/Content/Mannequin/Animations/ThirdPersonWalk.uexp" 892
"G:/HakathonAnatomy_Project/vr_Simulation/Content/Mannequin/Animations/ThirdPerson_IdleRun_2D.uasset" 893
"G:/HakathonAnatomy_Project/vr_Simulation/Content/Mannequin/Animations/ThirdPerson_IdleRun_2D.uexp" 894
"G:/HakathonAnatomy_Project/vr_Simulation/Content/Mannequin/Animations/ThirdPerson_AnimBP.uasset" 895
"G:/HakathonAnatomy_Project/vr_Simulation/Content/Mannequin/Animations/ThirdPerson_AnimBP.uexp" 896
"../../../Engine/Content/Functions/Engine_MaterialFunctions02/Utility/BlendAngleCorrectedNormals.uasset" 897
"../../../Engine/Content/Functions/Engine_MaterialFunctions02/Utility/BlendAngleCorrectedNormals.uexp" 898
"../../../Engine/Content/Functions/MaterialLayerFunctions/MatLayerBlend_NormalBlend.uasset" 899
"../../../Engine/Content/Functions/MaterialLayerFunctions/MatLayerBlend_NormalBlend.uexp" 900
"../../../Engine/Content/Functions/MaterialLayerFunctions/MatLayerBlend_Simple.uasset" 901
"../../../Engine/Content/Functions/MaterialLayerFunctions/MatLayerBlend_Simple.uexp" 902
"G:/HakathonAnatomy_Project/vr_Simulation/Content/Mannequin/Character/Textures/T_UE4Logo_Mask.uasset" 903
"G:/HakathonAnatomy_Project/vr_Simulation/Content/Mannequin/Character/Textures/T_UE4Logo_Mask.uexp" 904
"G:/HakathonAnatomy_Project/vr_Simulation/Content/Mannequin/Character/Textures/T_UE4Logo_Mask.ubulk" 905
"G:/HakathonAnatomy_Project/vr_Simulation/Content/Mannequin/Character/Materials/MaterialLayers/ML_Plastic_Shiny_Beige_LOGO.uasset" 906
"G:/HakathonAnatomy_Project/vr_Simulation/Content/Mannequin/Character/Materials/MaterialLayers/ML_Plastic_Shiny_Beige_LOGO.uexp" 907
"G:/HakathonAnatomy_Project/vr_Simulation/Content/Mannequin/Character/Materials/MaterialLayers/T_ML_Aluminum01.uasset" 908
"G:/HakathonAnatomy_Project/vr_Simulation/Content/Mannequin/Character/Materials/MaterialLayers/T_ML_Aluminum01.uexp" 909
"G:/HakathonAnatomy_Project/vr_Simulation/Content/Mannequin/Character/Materials/MaterialLayers/T_ML_Aluminum01.ubulk" 910
"G:/HakathonAnatomy_Project/vr_Simulation/Content/Mannequin/Character/Materials/MaterialLayers/T_ML_Aluminum01_N.uasset" 911
"G:/HakathonAnatomy_Project/vr_Simulation/Content/Mannequin/Character/Materials/MaterialLayers/T_ML_Aluminum01_N.uexp" 912
"G:/HakathonAnatomy_Project/vr_Simulation/Content/Mannequin/Character/Materials/MaterialLayers/T_ML_Aluminum01_N.ubulk" 913
"G:/HakathonAnatomy_Project/vr_Simulation/Content/Mannequin/Character/Materials/MaterialLayers/ML_SoftMetal_UE4.uasset" 914
"G:/HakathonAnatomy_Project/vr_Simulation/Content/Mannequin/Character/Materials/MaterialLayers/ML_SoftMetal_UE4.uexp" 915
"G:/HakathonAnatomy_Project/vr_Simulation/Content/Mannequin/Character/Materials/MaterialLayers/T_ML_Rubber_Blue_01_D.uasset" 916
"G:/HakathonAnatomy_Project/vr_Simulation/Content/Mannequin/Character/Materials/MaterialLayers/T_ML_Rubber_Blue_01_D.uexp" 917
"G:/HakathonAnatomy_Project/vr_Simulation/Content/Mannequin/Character/Materials/MaterialLayers/T_ML_Rubber_Blue_01_D.ubulk" 918
"G:/HakathonAnatomy_Project/vr_Simulation/Content/Mannequin/Character/Materials/MaterialLayers/T_ML_Rubber_Blue_01_N.uasset" 919
"G:/HakathonAnatomy_Project/vr_Simulation/Content/Mannequin/Character/Materials/MaterialLayers/T_ML_Rubber_Blue_01_N.uexp" 920
"G:/HakathonAnatomy_Project/vr_Simulation/Content/Mannequin/Character/Materials/MaterialLayers/T_ML_Rubber_Blue_01_N.ubulk" 921
"G:/HakathonAnatomy_Project/vr_Simulation/Content/Mannequin/Character/Textures/T_Male_Mask.uasset" 922
"G:/HakathonAnatomy_Project/vr_Simulation/Content/Mannequin/Character/Textures/T_Male_Mask.uexp" 923
"G:/HakathonAnatomy_Project/vr_Simulation/Content/Mannequin/Character/Textures/T_Male_Mask.ubulk" 924
"G:/HakathonAnatomy_Project/vr_Simulation/Content/Mannequin/Character/Textures/T_Male_N.uasset" 925
"G:/HakathonAnatomy_Project/vr_Simulation/Content/Mannequin/Character/Textures/T_Male_N.uexp" 926
"G:/HakathonAnatomy_Project/vr_Simulation/Content/Mannequin/Character/Textures/T_Male_N.ubulk" 927
"G:/HakathonAnatomy_Project/vr_Simulation/Content/Mannequin/Character/Materials/MaterialLayers/ML_GlossyBlack_Latex_UE4.uasset" 928
"G:/HakathonAnatomy_Project/vr_Simulation/Content/Mannequin/Character/Materials/MaterialLayers/ML_GlossyBlack_Latex_UE4.uexp" 929
"G:/HakathonAnatomy_Project/vr_Simulation/Content/Mannequin/Character/Materials/MaterialLayers/ML_Plastic_Shiny_Beige.uasset" 930
"G:/HakathonAnatomy_Project/vr_Simulation/Content/Mannequin/Character/Materials/MaterialLayers/ML_Plastic_Shiny_Beige.uexp" 931
"G:/HakathonAnatomy_Project/vr_Simulation/Content/Mannequin/Character/Materials/M_Male_Body.uasset" 932
"G:/HakathonAnatomy_Project/vr_Simulation/Content/Mannequin/Character/Materials/M_Male_Body.uexp" 933
"G:/HakathonAnatomy_Project/vr_Simulation/Content/Mannequin/Character/Textures/T_UE4Logo_N.uasset" 934
"G:/HakathonAnatomy_Project/vr_Simulation/Content/Mannequin/Character/Textures/T_UE4Logo_N.uexp" 935
"G:/HakathonAnatomy_Project/vr_Simulation/Content/Mannequin/Character/Textures/T_UE4Logo_N.ubulk" 936
"G:/HakathonAnatomy_Project/vr_Simulation/Content/Mannequin/Character/Materials/M_UE4Man_ChestLogo.uasset" 937
"G:/HakathonAnatomy_Project/vr_Simulation/Content/Mannequin/Character/Materials/M_UE4Man_ChestLogo.uexp" 938
"G:/HakathonAnatomy_Project/vr_Simulation/Content/Mannequin/Character/Mesh/SK_Mannequin_PhysicsAsset.uasset" 939
"G:/HakathonAnatomy_Project/vr_Simulation/Content/Mannequin/Character/Mesh/SK_Mannequin_PhysicsAsset.uexp" 940
"G:/HakathonAnatomy_Project/vr_Simulation/Content/Mannequin/Character/Mesh/SK_Mannequin.uasset" 941
"G:/HakathonAnatomy_Project/vr_Simulation/Content/Mannequin/Character/Mesh/SK_Mannequin.uexp" 942
"G:/HakathonAnatomy_Project/vr_Simulation/Content/ThirdPersonCPP/Blueprints/ThirdPersonCharacter.uasset" 943
"G:/HakathonAnatomy_Project/vr_Simulation/Content/ThirdPersonCPP/Blueprints/ThirdPersonCharacter.uexp" 944
"G:/HakathonAnatomy_Project/vr_Simulation/Content/ThirdPersonCPP/Maps/ThirdPersonExampleMap_BuiltData.uasset" 945
"G:/HakathonAnatomy_Project/vr_Simulation/Content/ThirdPersonCPP/Maps/ThirdPersonExampleMap_BuiltData.uexp" 946
"G:/HakathonAnatomy_Project/vr_Simulation/Content/ThirdPersonCPP/Maps/ThirdPersonExampleMap_BuiltData.ubulk" 947
"G:/HakathonAnatomy_Project/vr_Simulation/Content/ThirdPersonCPP/Maps/ThirdPersonExampleMap.uexp" 948
"G:/HakathonAnatomy_Project/vr_Simulation/Content/ThirdPersonCPP/Maps/ThirdPersonExampleMap.umap" 949
